-------Logs--------
[+] 28-03-2024 13:44:37 Server is listening at 3000
[+] 28-03-2024 13:44:44 Server is listening at 3000
[*] 28-03-2024 13:45:28 GET /api/teacher
[*] 28-03-2024 13:45:36 GET /api/teacher/1
[*] 28-03-2024 13:45:43 GET /api/dawdaw
[*] 28-03-2024 13:45:58 POST /api/teacher/123
[+] 28-03-2024 13:47:31 Server is listening at 3000
[+] 28-03-2024 13:49:13 Server is listening at 3000
[+] 28-03-2024 13:53:43 Server is listening at 3000
[+] 28-03-2024 13:55:50 Server is listening at 3000
[*] 28-03-2024 13:56:03 POST /api/teacher/
[*] 28-03-2024 13:56:07 GET /api/teacher/
[+] 28-03-2024 13:58:43 Server is listening at 3000
[+] 28-03-2024 13:59:01 Server is listening at 3000
[*] 28-03-2024 13:59:13 GET /api/teacher/
[*] 28-03-2024 13:59:19 GET /api/teacher/6605285100a42d82cc1b54a2
[-] 28-03-2024 13:59:19 ReferenceError: ObjectId is not defined
[+] 28-03-2024 14:00:19 Server is listening at 3000
[+] 28-03-2024 14:00:24 Server is listening at 3000
[*] 28-03-2024 14:00:29 GET /api/teacher/6605285100a42d82cc1b54a2
[-] 28-03-2024 14:00:29 TypeError: Class constructor ObjectId cannot be invoked without 'new'
[+] 28-03-2024 14:00:54 Server is listening at 3000
[*] 28-03-2024 14:00:57 GET /api/teacher/6605285100a42d82cc1b54a2
[+] 28-03-2024 14:02:06 Server is listening at 3000
[+] 28-03-2024 14:02:47 Server is listening at 3000
[+] 28-03-2024 14:03:59 Server is listening at 3000
[+] 28-03-2024 14:11:10 Server is listening at 3000
[*] 28-03-2024 14:11:16 GET /api/teacher/6605285100a42d82cc1b54a2
[*] 28-03-2024 14:11:21 GET /api/teacher
[*] 28-03-2024 14:11:31 DELETE /api/teacher/660528ca00a42d82cc1b54a4
[*] 28-03-2024 14:11:48 DELETE /api/teacher/
[*] 28-03-2024 14:11:52 GET /api/teacher/
[+] 28-03-2024 15:08:17 Server is listening at 3000
[+] 28-03-2024 15:08:40 Server is listening at 3000
[+] 28-03-2024 15:09:30 Server is listening at 3000
[+] 28-03-2024 15:10:56 Server is listening at 3000
[+] 28-03-2024 15:11:24 Server is listening at 3000
[+] 28-03-2024 15:12:41 Server is listening at 3000
[+] 28-03-2024 15:12:46 Server is listening at 3000
[+] 28-03-2024 15:17:03 Server is listening at 3000
[+] 28-03-2024 15:17:17 Server is listening at 3000
[*] 28-03-2024 15:17:30 GET /
[*] 28-03-2024 15:17:30 GET /styles.css
[+] 28-03-2024 15:18:44 Server is listening at 3000
[+] 28-03-2024 15:20:19 Server is listening at 3000
[+] 28-03-2024 15:20:58 Server is listening at 3000
[*] 28-03-2024 15:21:22 GET /
[*] 28-03-2024 15:21:22 GET /styles.css
[*] 28-03-2024 15:21:22 GET /favicon.ico
[*] 28-03-2024 15:23:45 GET /