-------Logs--------
[+] 29-03-2024 13:00:03 Server is listening at 3000
[*] 29-03-2024 13:03:28 GET /
[+] 29-03-2024 13:03:46 Server is listening at 3000
[*] 29-03-2024 13:03:47 GET /
[+] 29-03-2024 13:03:57 Server is listening at 3000
[*] 29-03-2024 13:04:13 GET /
[*] 29-03-2024 13:04:13 GET /favicon.ico
[*] 29-03-2024 13:09:09 GET /
[*] 29-03-2024 13:13:54 GET /
[*] 29-03-2024 13:13:57 GET /
[*] 29-03-2024 13:14:08 GET /
[*] 29-03-2024 13:14:28 GET /
[*] 29-03-2024 13:21:37 GET /
[*] 29-03-2024 13:22:29 GET /
[*] 29-03-2024 13:23:38 GET /
[*] 29-03-2024 13:23:56 GET /
[*] 29-03-2024 13:25:46 GET /
[*] 29-03-2024 13:26:22 GET /
[*] 29-03-2024 13:26:33 GET /
[*] 29-03-2024 13:26:34 GET /
[*] 29-03-2024 13:26:34 GET /
[*] 29-03-2024 13:26:34 GET /
[*] 29-03-2024 13:26:48 GET /
[*] 29-03-2024 13:26:58 GET /
[*] 29-03-2024 13:27:49 GET /
[*] 29-03-2024 13:28:22 GET /
[*] 29-03-2024 13:28:49 GET /
[*] 29-03-2024 13:29:13 GET /
[*] 29-03-2024 13:30:17 GET /
[*] 29-03-2024 13:31:07 GET /
[*] 29-03-2024 13:31:23 GET /
[*] 29-03-2024 13:31:32 GET /
[*] 29-03-2024 13:33:05 GET /
[*] 29-03-2024 13:33:26 GET /
[*] 29-03-2024 13:33:58 GET /
[*] 29-03-2024 13:34:39 GET /
[*] 29-03-2024 13:35:03 GET /
[*] 29-03-2024 13:53:05 GET /
[*] 29-03-2024 13:53:05 GET /index.css
[*] 29-03-2024 13:53:05 GET /index.css
[*] 29-03-2024 13:58:44 GET /
[*] 29-03-2024 13:58:51 GET /
[+] 29-03-2024 13:59:01 Server is listening at 3000
[*] 29-03-2024 13:59:05 GET /
[*] 29-03-2024 13:59:05 GET /public/css/index.css
[*] 29-03-2024 13:59:05 GET /favicon.ico
[*] 29-03-2024 13:59:18 GET /
[+] 29-03-2024 13:59:28 Server is listening at 3000
[*] 29-03-2024 13:59:29 GET /
[*] 29-03-2024 14:00:18 GET /
[*] 29-03-2024 14:00:35 GET /
[*] 29-03-2024 14:00:54 GET /
[*] 29-03-2024 14:00:58 GET /
[*] 29-03-2024 14:01:49 GET /
[*] 29-03-2024 14:01:49 GET /
[*] 29-03-2024 14:01:50 GET /
[*] 29-03-2024 14:01:50 GET /
[*] 29-03-2024 14:01:50 GET /
[*] 29-03-2024 14:01:50 GET /
[*] 29-03-2024 14:01:50 GET /
[*] 29-03-2024 14:01:50 GET /
[*] 29-03-2024 14:01:50 GET /
[*] 29-03-2024 14:01:51 GET /
[*] 29-03-2024 14:01:51 GET /
[*] 29-03-2024 14:01:51 GET /
[*] 29-03-2024 14:01:51 GET /
[*] 29-03-2024 14:01:51 GET /
[*] 29-03-2024 14:01:51 GET /
[*] 29-03-2024 14:01:54 GET /
[*] 29-03-2024 14:01:54 GET /
[*] 29-03-2024 14:01:55 GET /
[*] 29-03-2024 14:01:55 GET /
[*] 29-03-2024 14:01:55 GET /
[*] 29-03-2024 14:01:55 GET /
[*] 29-03-2024 14:01:55 GET /
[*] 29-03-2024 14:01:55 GET /
[*] 29-03-2024 14:01:55 GET /
[*] 29-03-2024 14:03:17 GET /
[*] 29-03-2024 14:04:29 GET /
[*] 29-03-2024 14:05:20 GET /
[*] 29-03-2024 14:05:46 GET /
[*] 29-03-2024 14:05:58 GET /
[*] 29-03-2024 14:06:02 GET /
[*] 29-03-2024 14:06:13 GET /
[*] 29-03-2024 14:07:02 GET /
[*] 29-03-2024 14:07:08 GET /
[*] 29-03-2024 14:08:25 GET /
[*] 29-03-2024 14:09:22 GET /
[*] 29-03-2024 14:09:33 GET /
[+] 29-03-2024 14:19:52 Server is listening at 3000
[+] 29-03-2024 14:20:23 Server is listening at 3000
[+] 29-03-2024 14:23:12 Server is listening at 3000
[+] 29-03-2024 14:23:22 Server is listening at 3000
[+] 29-03-2024 14:23:23 Server is listening at 3000
[+] 29-03-2024 14:23:26 Server is listening at 3000
[+] 29-03-2024 14:24:34 Server is listening at 3000
[+] 29-03-2024 14:24:41 Server is listening at 3000
[+] 29-03-2024 14:28:01 Server is listening at 3000
[+] 29-03-2024 14:28:43 Server is listening at 3000
[+] 29-03-2024 14:29:17 Server is listening at 3000
[+] 29-03-2024 14:30:03 Server is listening at 3000
[*] 29-03-2024 14:30:13 GET /
[*] 29-03-2024 14:30:25 POST /api/teacher/login
[+] 29-03-2024 14:31:27 Server is listening at 3000
[*] 29-03-2024 14:31:40 POST /api/teacher/login
[+] 29-03-2024 14:33:25 Server is listening at 3000
[+] 29-03-2024 14:33:32 Server is listening at 3000
[*] 29-03-2024 14:33:38 GET /
[*] 29-03-2024 14:33:40 GET /
[*] 29-03-2024 14:33:43 POST /api/teacher/login
[*] 29-03-2024 14:34:22 GET /
[+] 29-03-2024 14:34:25 Server is listening at 3000
[*] 29-03-2024 14:34:28 POST /api/teacher/login
[+] 29-03-2024 14:35:04 Server is listening at 3000
[*] 29-03-2024 14:35:06 GET /
[*] 29-03-2024 14:35:09 POST /api/teacher/login
[+] 29-03-2024 14:35:31 Server is listening at 3000
[*] 29-03-2024 14:35:40 GET /
[*] 29-03-2024 14:35:42 POST /api/teacher/login
[+] 29-03-2024 14:35:47 Server is listening at 3000
[+] 29-03-2024 14:36:27 Server is listening at 3000
[+] 29-03-2024 14:36:40 Server is listening at 3000
[*] 29-03-2024 14:36:42 GET /
[*] 29-03-2024 14:36:44 POST /api/teacher/login
[*] 29-03-2024 14:45:17 GET /
[+] 29-03-2024 14:45:20 Server is listening at 3000
[*] 29-03-2024 14:45:22 GET /
[*] 29-03-2024 14:45:25 POST /api/teacher/login
[*] 29-03-2024 14:45:44 POST /api/teacher/login
[*] 29-03-2024 14:46:05 POST /api/teacher/login
[*] 29-03-2024 14:46:05 GET /
[*] 29-03-2024 14:46:13 POST /api/teacher/login
[+] 29-03-2024 14:47:50 Server is listening at 3000
[*] 29-03-2024 14:47:54 GET /
[*] 29-03-2024 14:48:02 POST /api/teacher/login
[*] 29-03-2024 14:48:06 POST /api/teacher/login
[+] 29-03-2024 14:48:25 Server is listening at 3000
[+] 29-03-2024 14:50:52 Server is listening at 3000
[+] 29-03-2024 14:53:39 Server is listening at 3000
[+] 29-03-2024 14:53:45 Server is listening at 3000